<?xml version="1.0" encoding="utf-8"?><testsuites><testsuite name="pytest" errors="0" failures="0" skipped="0" tests="3" time="0.579" timestamp="2025-05-18T16:27:57.842266" hostname="DESKTOP-4F4225M"><testcase classname="examples_rclpy_executors.executors.test.test_copyright" name="test_copyright" time="0.264" /><testcase classname="examples_rclpy_executors.executors.test.test_flake8" name="test_flake8" time="0.152" /><testcase classname="examples_rclpy_executors.executors.test.test_pep257" name="test_pep257" time="0.050" /></testsuite></testsuites>