<?xml version="1.0" encoding="utf-8"?><testsuites><testsuite name="pytest" errors="0" failures="0" skipped="0" tests="3" time="0.257" timestamp="2025-05-18T16:27:59.150295" hostname="DESKTOP-4F4225M"><testcase classname="examples_rclpy_minimal_service.services.minimal_service.test.test_copyright" name="test_copyright" time="0.109" /><testcase classname="examples_rclpy_minimal_service.services.minimal_service.test.test_flake8" name="test_flake8" time="0.059" /><testcase classname="examples_rclpy_minimal_service.services.minimal_service.test.test_pep257" name="test_pep257" time="0.011" /></testsuite></testsuites>